This is pdfTeX, Version 3.1415926-2.5-1.40.14 (TeX Live 2013) (format=pdflatex 2014.7.11)  20 FEB 2015 12:25
entering extended mode
 \write18 enabled.
 %&-line parsing enabled.
**manuscript_PrinzEtAl_PMMTheory.tex
(./manuscript_PrinzEtAl_PMMTheory.tex
LaTeX2e <2011/06/27>
Babel <3.9k> and hyphenation patterns for 78 languages loaded.
(/usr/local/texlive/2013/texmf-dist/tex/latex/revtex/revtex4-1.cls
Document Class: revtex4-1 2010/07/25/20:33:00 4.1r (http://publish.aps.org/revt
ex4/ for documentation)
 Copyright (c) 2009 The American Physical Society.
 mailto:revtex@aps.org
 Licensed under the LPPL:
http://www.ctan.org/tex-archive/macros/latex/base/lppl.txt
 Arthur Ogawa <arthur_ogawa at sbcglobal dot net>
 Based on work by David Carlisle <david at dcarlisle.demon.co.uk>.
ltxutil[2010/07/25/20:33:00 4.1r utilities package (portions licensed from W. E
. Baxter web at superscript.com)]
LaTeX Info: Redefining \@centercr on input line 308.
Class revtex4-1 Info: Repairing broken LaTeX eqnarray on input line 358.
\eqncolsep=\skip41
Class revtex4-1 Info: Repairing hyperref-unfriendly LaTeX definition of \mpfoot
note on input line 433.
Class revtex4-1 Info: Repairing broken LateX \@sect on input line 755.
\intertabularlinepenalty=\count79
\@tbpen=\count80
\@arstrutbox@hline=\box26
Class revtex4-1 Info: Repairing broken LaTeX \@xbitor on input line 1786.
Class revtex4-1 Info: Making \typeout \long on input line 2046.
ltxfront[2010/07/25/20:33:00 4.1r frontmatter package (AO,DPC)]
\c@affil=\count81
\c@collab=\count82
\absbox=\box27
ltxgrid[2010/07/25/20:33:00 4.1r page grid package (portions licensed from W. E
. Baxter web at superscript.com)]
\c@linecount=\count83
\output@latex=\toks14
\box@size@1=\box28
\box@size@2=\box29
\@protection@box=\box30
\@topmark@saved=\toks15
\footins@saved=\box31
\footins@recovered=\box32
\column@recovered=\box33
\pagesofar=\box34
\footsofar=\box35
\pagegrid@col=\count84
Class revtex4-1 Info: Overriding \@vspace, \@vspacer, \@no@pgbk, \@newline, and
 \\  on input line 5578.
\c@part=\count85
\c@section=\count86
\c@subsection=\count87
\c@subsubsection=\count88
\c@paragraph=\count89
\c@subparagraph=\count90
\abovecaptionskip=\skip42
\belowcaptionskip=\skip43
\c@figure=\count91
\fbox@1=\box36
\c@table=\count92
\fbox@2=\box37
\c@video=\count93
\fbox@4=\box38
\@bibdataout=\write3
\widetext@top=\box39
\widetext@bot=\box40
Class revtex4-1 Info: Selecting society aps on input line 7542.
(/usr/local/texlive/2013/texmf-dist/tex/latex/revtex/aps4-1.rtx
File: aps4-1 2010/07/25/20:33:00 4.1r (http://publish.aps.org/revtex4/ for docu
mentation)
Class revtex4-1 Info: RevTeX society APS selected on input line 31.
)
Class revtex4-1 Info: Selecting journal pre on input line 7544.
Class revtex4-1 Info: APS journal PRE selected on input line 7545.


Class revtex4-1 Warning: No type size specified, using default 10.

(/usr/local/texlive/2013/texmf-dist/tex/latex/revtex/aps10pt4-1.rtx
File: aps10pt4-1 2010/07/25/20:33:00 4.1r (http://publish.aps.org/revtex4/ for 
documentation)
Class revtex4-1 Info: RevTeX pointsize 10pt selected on input line 30.
)
(/usr/local/texlive/2013/texmf-dist/tex/latex/textcase/textcase.sty
Package: textcase 2004/10/07 v0.07 Text only upper/lower case changing (DPC)
)
(/usr/local/texlive/2013/texmf-dist/tex/latex/url/url.sty
\Urlmuskip=\muskip10
Package: url 2013/09/16  ver 3.4  Verb mode for urls, etc.
)
(/usr/local/texlive/2013/texmf-dist/tex/latex/natbib/natbib.sty
Package: natbib 2010/09/13 8.31b (PWD, AO)
\bibhang=\skip44
\bibsep=\skip45
LaTeX Info: Redefining \cite on input line 694.
\c@NAT@ctr=\count94
)
Class revtex4-1 Info: Repairing natbib's \BibitemShut on input line 7549.

(/usr/local/texlive/2013/texmf-dist/tex/latex/revtex/revsymb4-1.sty
Package: revsymb4-1 2010/07/25/20:33:00 4.1r (http://publish.aps.org/revtex4/ f
or documentation)
LaTeX Info: Redefining \REV@mathfrak on input line 119.
))
(/usr/local/texlive/2013/texmf-dist/tex/latex/sourcesanspro/sourcesanspro.sty
Package: sourcesanspro 2013/09/23 v2.3 Adobe's Source Sans Pro typeface

(/usr/local/texlive/2013/texmf-dist/tex/generic/ifxetex/ifxetex.sty
Package: ifxetex 2010/09/12 v0.6 Provides ifxetex conditional
)
(/usr/local/texlive/2013/texmf-dist/tex/generic/oberdiek/ifluatex.sty
Package: ifluatex 2010/03/01 v1.3 Provides the ifluatex switch (HO)
Package ifluatex Info: LuaTeX not detected.
)
(/usr/local/texlive/2013/texmf-dist/tex/latex/xkeyval/xkeyval.sty
Package: xkeyval 2012/10/14 v2.6b package option processing (HA)

(/usr/local/texlive/2013/texmf-dist/tex/generic/xkeyval/xkeyval.tex
\XKV@toks=\toks16
\XKV@tempa@toks=\toks17
\XKV@depth=\count95
File: xkeyval.tex 2012/10/14 v2.6b key=value parser (HA)

(/usr/local/texlive/2013/texmf-dist/tex/generic/xkeyval/keyval.tex)))
(/usr/local/texlive/2013/texmf-dist/tex/latex/base/fontenc.sty
Package: fontenc 2005/09/27 v1.99g Standard LaTeX package

(/usr/local/texlive/2013/texmf-dist/tex/latex/base/ot1enc.def
File: ot1enc.def 2005/09/27 v1.99g Standard LaTeX file
LaTeX Font Info:    Redeclaring font encoding OT1 on input line 43.
)
(/usr/local/texlive/2013/texmf-dist/tex/latex/ly1/ly1enc.def
File: ly1enc.def 2009/07/22 v0.7 TeX 'n ANSI encoding (DPC/KB)
)
(/usr/local/texlive/2013/texmf-dist/tex/latex/base/t1enc.def
File: t1enc.def 2005/09/27 v1.99g Standard LaTeX file
LaTeX Font Info:    Redeclaring font encoding T1 on input line 43.
)
LaTeX Font Info:    Try loading font information for T1+ptm on input line 100.

(/usr/local/texlive/2013/texmf-dist/tex/latex/psnfss/t1ptm.fd
File: t1ptm.fd 2001/06/04 font definitions for T1/ptm.
))
(/usr/local/texlive/2013/texmf-dist/tex/latex/mweights/mweights.sty
Package: mweights 2013/07/21 (Bob Tennent) Support package for multiple-weight 
font packages. 
LaTeX Info: Redefining \bfseries on input line 22.
LaTeX Info: Redefining \mdseries on input line 29.
LaTeX Info: Redefining \rmfamily on input line 36.
LaTeX Info: Redefining \sffamily on input line 53.
LaTeX Info: Redefining \ttfamily on input line 70.
))
(/usr/local/texlive/2013/texmf-dist/tex/latex/base/fontenc.sty
Package: fontenc 2005/09/27 v1.99g Standard LaTeX package

(/usr/local/texlive/2013/texmf-dist/tex/latex/base/t1enc.def
File: t1enc.def 2005/09/27 v1.99g Standard LaTeX file
LaTeX Font Info:    Redeclaring font encoding T1 on input line 43.
))
(/usr/local/texlive/2013/texmf-dist/tex/latex/floatrow/floatrow.sty
Package: floatrow 2008/08/02 v0.3b floatrow: float package extension

(/usr/local/texlive/2013/texmf-dist/tex/latex/caption/caption3.sty
Package: caption3 2013/05/02 v1.6-88 caption3 kernel (AR)
Package caption3 Info: TeX engine: e-TeX on input line 57.
\captionmargin=\dimen102
\captionmargin@=\dimen103
\captionwidth=\dimen104
\caption@tempdima=\dimen105
\caption@indent=\dimen106
\caption@parindent=\dimen107
\caption@hangindent=\dimen108
Package caption Info: Unknown document class (or package),
(caption)             standard defaults will be used.
)
\c@float@type=\count96
\float@exts=\toks18
\float@box=\box41
\@floatcapt=\box42
Package floatrow Info: Modified float package code loaded on input line 455.
Package floatrow Info: Modified rotfloat package code loaded on input line 473.

\FR@everyfloat=\toks19
\flrow@foot=\insert233
\FB@wd=\dimen109
\FBo@wd=\dimen110
\FBc@wd=\dimen111
\FBo@ht=\skip46
\FBc@ht=\skip47
\FBf@ht=\skip48
\FBo@max=\skip49
\FBc@max=\skip50
\FBf@max=\skip51
\c@FBl@b=\count97
\floatbox@depth=\count98
\c@FRobj=\count99
\c@FRsobj=\count100
\Xhsize=\skip52
\sXhsize=\skip53
\Zhsize=\skip54
\sZhsize=\skip55
\flrow@rowbox=\box43
\FR@Zunitlength=\dimen112
\c@FBcnt=\count101
\FPOScnt=\count102
\LTleft=\skip56
\LTright=\skip57
\LTleft=\skip58
\LTright=\skip59
\flrow@types=\toks20
)
(/usr/local/texlive/2013/texmf-dist/tex/latex/listings/listings.sty
\lst@mode=\count103
\lst@gtempboxa=\box44
\lst@token=\toks21
\lst@length=\count104
\lst@currlwidth=\dimen113
\lst@column=\count105
\lst@pos=\count106
\lst@lostspace=\dimen114
\lst@width=\dimen115
\lst@newlines=\count107
\lst@lineno=\count108
\lst@maxwidth=\dimen116

(/usr/local/texlive/2013/texmf-dist/tex/latex/listings/lstmisc.sty
File: lstmisc.sty 2014/03/04 1.5c (Carsten Heinz)
\c@lstnumber=\count109
\lst@skipnumbers=\count110
\lst@framebox=\box45
)
(/usr/local/texlive/2013/texmf-dist/tex/latex/listings/listings.cfg
File: listings.cfg 2014/03/04 1.5c listings configuration
))
Package: listings 2014/03/04 1.5c (Carsten Heinz)

(/usr/local/texlive/2013/texmf-dist/tex/latex/xcolor/xcolor.sty
Package: xcolor 2007/01/21 v2.11 LaTeX color extensions (UK)

(/usr/local/texlive/2013/texmf-dist/tex/latex/latexconfig/color.cfg
File: color.cfg 2007/01/18 v1.5 color configuration of teTeX/TeXLive
)
Package xcolor Info: Package option `usenames' ignored on input line 216.
Package xcolor Info: Driver file: pdftex.def on input line 225.

(/usr/local/texlive/2013/texmf-dist/tex/latex/pdftex-def/pdftex.def
File: pdftex.def 2011/05/27 v0.06d Graphics/color for pdfTeX

(/usr/local/texlive/2013/texmf-dist/tex/generic/oberdiek/infwarerr.sty
Package: infwarerr 2010/04/08 v1.3 Providing info/warning/error messages (HO)
)
(/usr/local/texlive/2013/texmf-dist/tex/generic/oberdiek/ltxcmds.sty
Package: ltxcmds 2011/11/09 v1.22 LaTeX kernel commands for general use (HO)
)
\Gread@gobject=\count111
)
(/usr/local/texlive/2013/texmf-dist/tex/latex/colortbl/colortbl.sty
Package: colortbl 2012/02/13 v1.0a Color table columns (DPC)

(/usr/local/texlive/2013/texmf-dist/tex/latex/tools/array.sty
Package: array 2008/09/09 v2.4c Tabular extension package (FMi)
\col@sep=\dimen117
\extrarowheight=\dimen118
\NC@list=\toks22
\extratabsurround=\skip60
\backup@length=\skip61
)
\everycr=\toks23
\minrowclearance=\skip62
)
\rownum=\count112
Package xcolor Info: Model `cmy' substituted by `cmy0' on input line 1337.
Package xcolor Info: Model `hsb' substituted by `rgb' on input line 1341.
Package xcolor Info: Model `RGB' extended on input line 1353.
Package xcolor Info: Model `HTML' substituted by `rgb' on input line 1355.
Package xcolor Info: Model `Hsb' substituted by `hsb' on input line 1356.
Package xcolor Info: Model `tHsb' substituted by `hsb' on input line 1357.
Package xcolor Info: Model `HSB' substituted by `hsb' on input line 1358.
Package xcolor Info: Model `Gray' substituted by `gray' on input line 1359.
Package xcolor Info: Model `wave' substituted by `hsb' on input line 1360.

(/usr/local/texlive/2013/texmf-dist/tex/latex/graphics/dvipsnam.def
File: dvipsnam.def 1999/02/16 v3.0i Driver-dependant file (DPC,SPQR)
)
(/usr/local/texlive/2013/texmf-dist/tex/latex/xcolor/svgnam.def
File: svgnam.def 2007/01/21 v2.11 Predefined colors according to SVG 1.1 (UK)
))
(/usr/local/texlive/2013/texmf-dist/tex/latex/amsmath/amsmath.sty
Package: amsmath 2013/01/14 v2.14 AMS math features
\@mathmargin=\skip63

For additional information on amsmath, use the `?' option.
(/usr/local/texlive/2013/texmf-dist/tex/latex/amsmath/amstext.sty
Package: amstext 2000/06/29 v2.01

(/usr/local/texlive/2013/texmf-dist/tex/latex/amsmath/amsgen.sty
File: amsgen.sty 1999/11/30 v2.0
\@emptytoks=\toks24
\ex@=\dimen119
)
LaTeX Info: Redefining \text on input line 39.
)
(/usr/local/texlive/2013/texmf-dist/tex/latex/amsmath/amsbsy.sty
Package: amsbsy 1999/11/29 v1.2d
\pmbraise@=\dimen120
)
(/usr/local/texlive/2013/texmf-dist/tex/latex/amsmath/amsopn.sty
Package: amsopn 1999/12/14 v2.01 operator names
)
\inf@bad=\count113
LaTeX Info: Redefining \frac on input line 210.
\uproot@=\count114
\leftroot@=\count115
LaTeX Info: Redefining \overline on input line 306.
\classnum@=\count116
\DOTSCASE@=\count117
LaTeX Info: Redefining \ldots on input line 378.
LaTeX Info: Redefining \dots on input line 381.
LaTeX Info: Redefining \cdots on input line 466.
\Mathstrutbox@=\box46
\strutbox@=\box47
\big@size=\dimen121
LaTeX Font Info:    Redeclaring font encoding OML on input line 566.
LaTeX Font Info:    Redeclaring font encoding OMS on input line 567.
\macc@depth=\count118
\c@MaxMatrixCols=\count119
\dotsspace@=\muskip11
\c@parentequation=\count120
\dspbrk@lvl=\count121
\tag@help=\toks25
\row@=\count122
\column@=\count123
\maxfields@=\count124
\andhelp@=\toks26
\eqnshift@=\dimen122
\alignsep@=\dimen123
\tagshift@=\dimen124
\tagwidth@=\dimen125
\totwidth@=\dimen126
\lineht@=\dimen127
\@envbody=\toks27
\multlinegap=\skip64
\multlinetaggap=\skip65
\mathdisplay@stack=\toks28
LaTeX Info: Redefining \[ on input line 2665.
LaTeX Info: Redefining \] on input line 2666.
)
(/usr/local/texlive/2013/texmf-dist/tex/latex/amsfonts/amssymb.sty
Package: amssymb 2013/01/14 v3.01 AMS font symbols

(/usr/local/texlive/2013/texmf-dist/tex/latex/amsfonts/amsfonts.sty
Package: amsfonts 2013/01/14 v3.01 Basic AMSFonts support
\symAMSa=\mathgroup4
\symAMSb=\mathgroup5
LaTeX Font Info:    Overwriting math alphabet `\mathfrak' in version `bold'
(Font)                  U/euf/m/n --> U/euf/b/n on input line 106.
LaTeX Info: Redefining \frak on input line 111.
LaTeX Info: Redefining \Bbb on input line 113.
))
(/usr/local/texlive/2013/texmf-dist/tex/latex/graphics/graphicx.sty
Package: graphicx 1999/02/16 v1.0f Enhanced LaTeX Graphics (DPC,SPQR)

(/usr/local/texlive/2013/texmf-dist/tex/latex/graphics/graphics.sty
Package: graphics 2009/02/05 v1.0o Standard LaTeX Graphics (DPC,SPQR)

(/usr/local/texlive/2013/texmf-dist/tex/latex/graphics/trig.sty
Package: trig 1999/03/16 v1.09 sin cos tan (DPC)
)
(/usr/local/texlive/2013/texmf-dist/tex/latex/latexconfig/graphics.cfg
File: graphics.cfg 2010/04/23 v1.9 graphics configuration of TeX Live
)
Package graphics Info: Driver file: pdftex.def on input line 91.
)
\Gin@req@height=\dimen128
\Gin@req@width=\dimen129
)
(/usr/local/texlive/2013/texmf-dist/tex/latex/tools/dcolumn.sty
Package: dcolumn 2001/05/28 v1.06 decimal alignment package (DPC)
)
(/usr/local/texlive/2013/texmf-dist/tex/latex/boxedminipage/boxedminipage.sty)
(/usr/local/texlive/2013/texmf-dist/tex/latex/tools/verbatim.sty
Package: verbatim 2003/08/22 v1.5q LaTeX2e package for verbatim enhancements
\every@verbatim=\toks29
\verbatim@line=\toks30
\verbatim@in@stream=\read1
)
(/usr/local/texlive/2013/texmf-dist/tex/latex/hyperref/hyperref.sty
Package: hyperref 2012/11/06 v6.83m Hypertext links for LaTeX

(/usr/local/texlive/2013/texmf-dist/tex/generic/oberdiek/hobsub-hyperref.sty
Package: hobsub-hyperref 2012/05/28 v1.13 Bundle oberdiek, subset hyperref (HO)


(/usr/local/texlive/2013/texmf-dist/tex/generic/oberdiek/hobsub-generic.sty
Package: hobsub-generic 2012/05/28 v1.13 Bundle oberdiek, subset generic (HO)
Package: hobsub 2012/05/28 v1.13 Construct package bundles (HO)
Package hobsub Info: Skipping package `infwarerr' (already loaded).
Package hobsub Info: Skipping package `ltxcmds' (already loaded).
Package hobsub Info: Skipping package `ifluatex' (already loaded).
Package: ifvtex 2010/03/01 v1.5 Detect VTeX and its facilities (HO)
Package ifvtex Info: VTeX not detected.
Package: intcalc 2007/09/27 v1.1 Expandable calculations with integers (HO)
Package: ifpdf 2011/01/30 v2.3 Provides the ifpdf switch (HO)
Package ifpdf Info: pdfTeX in PDF mode is detected.
Package: etexcmds 2011/02/16 v1.5 Avoid name clashes with e-TeX commands (HO)
Package etexcmds Info: Could not find \expanded.
(etexcmds)             That can mean that you are not using pdfTeX 1.50 or
(etexcmds)             that some package has redefined \expanded.
(etexcmds)             In the latter case, load this package earlier.
Package: kvsetkeys 2012/04/25 v1.16 Key value parser (HO)
Package: kvdefinekeys 2011/04/07 v1.3 Define keys (HO)
Package: pdftexcmds 2011/11/29 v0.20 Utility functions of pdfTeX for LuaTeX (HO
)
Package pdftexcmds Info: LuaTeX not detected.
Package pdftexcmds Info: \pdf@primitive is available.
Package pdftexcmds Info: \pdf@ifprimitive is available.
Package pdftexcmds Info: \pdfdraftmode found.
Package: pdfescape 2011/11/25 v1.13 Implements pdfTeX's escape features (HO)
Package: bigintcalc 2012/04/08 v1.3 Expandable calculations on big integers (HO
)
Package: bitset 2011/01/30 v1.1 Handle bit-vector datatype (HO)
Package: uniquecounter 2011/01/30 v1.2 Provide unlimited unique counter (HO)
)
Package hobsub Info: Skipping package `hobsub' (already loaded).
Package: letltxmacro 2010/09/02 v1.4 Let assignment for LaTeX macros (HO)
Package: hopatch 2012/05/28 v1.2 Wrapper for package hooks (HO)
Package: xcolor-patch 2011/01/30 xcolor patch
Package: atveryend 2011/06/30 v1.8 Hooks at the very end of document (HO)
Package: atbegshi 2011/10/05 v1.16 At begin shipout hook (HO)
Package: refcount 2011/10/16 v3.4 Data extraction from label references (HO)
Package: hycolor 2011/01/30 v1.7 Color options for hyperref/bookmark (HO)
)
(/usr/local/texlive/2013/texmf-dist/tex/latex/oberdiek/auxhook.sty
Package: auxhook 2011/03/04 v1.3 Hooks for auxiliary files (HO)
)
(/usr/local/texlive/2013/texmf-dist/tex/latex/oberdiek/kvoptions.sty
Package: kvoptions 2011/06/30 v3.11 Key value format for package options (HO)
)
\@linkdim=\dimen130
\Hy@linkcounter=\count125
\Hy@pagecounter=\count126

(/usr/local/texlive/2013/texmf-dist/tex/latex/hyperref/pd1enc.def
File: pd1enc.def 2012/11/06 v6.83m Hyperref: PDFDocEncoding definition (HO)
)
\Hy@SavedSpaceFactor=\count127

(/usr/local/texlive/2013/texmf-dist/tex/latex/latexconfig/hyperref.cfg
File: hyperref.cfg 2002/06/06 v1.2 hyperref configuration of TeXLive
)
Package hyperref Info: Option `colorlinks' set `true' on input line 4319.
Package hyperref Info: Hyper figures OFF on input line 4443.
Package hyperref Info: Link nesting OFF on input line 4448.
Package hyperref Info: Hyper index ON on input line 4451.
Package hyperref Info: Plain pages OFF on input line 4458.
Package hyperref Info: Backreferencing OFF on input line 4463.
Package hyperref Info: Implicit mode ON; LaTeX internals redefined.
Package hyperref Info: Bookmarks ON on input line 4688.
LaTeX Info: Redefining \href on input line 4952.
\c@Hy@tempcnt=\count128
LaTeX Info: Redefining \url on input line 5041.
\XeTeXLinkMargin=\dimen131
\Fld@menulength=\count129
\Field@Width=\dimen132
\Fld@charsize=\dimen133
Package hyperref Info: Hyper figures OFF on input line 6295.
Package hyperref Info: Link nesting OFF on input line 6300.
Package hyperref Info: Hyper index ON on input line 6303.
Package hyperref Info: backreferencing OFF on input line 6310.
Package hyperref Info: Link coloring ON on input line 6313.
Package hyperref Info: Link coloring with OCG OFF on input line 6320.
Package hyperref Info: PDF/A mode OFF on input line 6325.
LaTeX Info: Redefining \ref on input line 6365.
LaTeX Info: Redefining \pageref on input line 6369.
\Hy@abspage=\count130
\c@Item=\count131
\c@Hfootnote=\count132
)

Package hyperref Message: Driver (autodetected): hpdftex.

(/usr/local/texlive/2013/texmf-dist/tex/latex/hyperref/hpdftex.def
File: hpdftex.def 2012/11/06 v6.83m Hyperref driver for pdfTeX
\Fld@listcount=\count133
\c@bookmark@seq@number=\count134

(/usr/local/texlive/2013/texmf-dist/tex/latex/oberdiek/rerunfilecheck.sty
Package: rerunfilecheck 2011/04/15 v1.7 Rerun checks for auxiliary files (HO)
Package uniquecounter Info: New unique counter `rerunfilecheck' on input line 2
82.
)
\Hy@SectionHShift=\skip66
)
Class revtex4-1 Info: colortbl package is loaded. (Proceeding with fingers cros
sed.) on input line 45.


Class revtex4-1 Warning: Failed to patch the float package.

Class revtex4-1 Info: Robustifying \LaTeX's \boldmath command on input line 45.

Class revtex4-1 Info: cite was not loaded (OK!) on input line 45.
Class revtex4-1 Info: mcite was not loaded (OK!) on input line 45.
Class revtex4-1 Info: multicol was not loaded (OK!) on input line 45.
(./manuscript_PrinzEtAl_PMMTheory.aux)
\openout1 = `manuscript_PrinzEtAl_PMMTheory.aux'.

LaTeX Font Info:    Checking defaults for OML/cmm/m/it on input line 45.
LaTeX Font Info:    ... okay on input line 45.
LaTeX Font Info:    Checking defaults for T1/cmr/m/n on input line 45.
LaTeX Font Info:    ... okay on input line 45.
LaTeX Font Info:    Checking defaults for OT1/cmr/m/n on input line 45.
LaTeX Font Info:    ... okay on input line 45.
LaTeX Font Info:    Checking defaults for OMS/cmsy/m/n on input line 45.
LaTeX Font Info:    ... okay on input line 45.
LaTeX Font Info:    Checking defaults for OMX/cmex/m/n on input line 45.
LaTeX Font Info:    ... okay on input line 45.
LaTeX Font Info:    Checking defaults for U/cmr/m/n on input line 45.
LaTeX Font Info:    ... okay on input line 45.
LaTeX Font Info:    Checking defaults for LY1/ptm/m/n on input line 45.
LaTeX Font Info:    Try loading font information for LY1+ptm on input line 45.

(/usr/local/texlive/2013/texmf-dist/tex/latex/ly1/ly1ptm.fd
File: ly1ptm.fd 2001/02/01 font definitions for LY1/ptm using Berry names.
)
LaTeX Font Info:    ... okay on input line 45.
LaTeX Font Info:    Checking defaults for PD1/pdf/m/n on input line 45.
LaTeX Font Info:    ... okay on input line 45.
LaTeX Font Info:    Try loading font information for T1+SourceSansPro-LF on inp
ut line 45.

(/usr/local/texlive/2013/texmf-dist/tex/latex/sourcesanspro/T1SourceSansPro-LF.
fd
File: T1SourceSansPro-LF.fd 2013/04/21 (autoinst) Font definitions for T1/Sourc
eSansPro-LF.
)
LaTeX Font Info:    Font shape `T1/SourceSansPro-LF/m/n' will be
(Font)              scaled to size 10.0pt on input line 45.
Package caption Info: Begin \AtBeginDocument code.
Package caption Info: End \AtBeginDocument code.
\c@lstlisting=\count135
 (/usr/local/texlive/2013/texmf-dist/tex/context/base/supp-pdf.mkii
[Loading MPS to PDF converter (version 2006.09.02).]
\scratchcounter=\count136
\scratchdimen=\dimen134
\scratchbox=\box48
\nofMPsegments=\count137
\nofMParguments=\count138
\everyMPshowfont=\toks31
\MPscratchCnt=\count139
\MPscratchDim=\dimen135
\MPnumerator=\count140
\makeMPintoPDFobject=\count141
\everyMPtoPDFconversion=\toks32
) (/usr/local/texlive/2013/texmf-dist/tex/latex/oberdiek/epstopdf-base.sty
Package: epstopdf-base 2010/02/09 v2.5 Base part for package epstopdf

(/usr/local/texlive/2013/texmf-dist/tex/latex/oberdiek/grfext.sty
Package: grfext 2010/08/19 v1.1 Manage graphics extensions (HO)
)
Package grfext Info: Graphics extension search list:
(grfext)             [.png,.pdf,.jpg,.mps,.jpeg,.jbig2,.jb2,.PNG,.PDF,.JPG,.JPE
G,.JBIG2,.JB2,.eps]
(grfext)             \AppendGraphicsExtensions on input line 452.

(/usr/local/texlive/2013/texmf-dist/tex/latex/latexconfig/epstopdf-sys.cfg
File: epstopdf-sys.cfg 2010/07/13 v1.3 Configuration of (r)epstopdf for TeX Liv
e
))
\AtBeginShipoutBox=\box49
Package hyperref Info: Link coloring ON on input line 45.

(/usr/local/texlive/2013/texmf-dist/tex/latex/hyperref/nameref.sty
Package: nameref 2012/10/27 v2.43 Cross-referencing by name of section

(/usr/local/texlive/2013/texmf-dist/tex/generic/oberdiek/gettitlestring.sty
Package: gettitlestring 2010/12/03 v1.4 Cleanup title references (HO)
)
\c@section@level=\count142
)
LaTeX Info: Redefining \ref on input line 45.
LaTeX Info: Redefining \pageref on input line 45.
LaTeX Info: Redefining \nameref on input line 45.

(./manuscript_PrinzEtAl_PMMTheory.out) (./manuscript_PrinzEtAl_PMMTheory.out)
\@outlinefile=\write4
\openout4 = `manuscript_PrinzEtAl_PMMTheory.out'.

Class revtex4-1 Info: Taking \maketitle back from hyperref on input line 45.
\openout3 = `manuscript_PrinzEtAl_PMMTheoryNotes.bib'.


(/usr/local/texlive/2013/texmf-dist/tex/latex/lineno/lineno.sty
Package: lineno 2005/11/02 line numbers on paragraphs v4.41
\linenopenalty=\count143
\output=\toks33
\linenoprevgraf=\count144
\linenumbersep=\dimen136
\linenumberwidth=\dimen137
\c@linenumber=\count145
\c@pagewiselinenumber=\count146
\c@LN@truepage=\count147
\c@internallinenumber=\count148
\c@internallinenumbers=\count149
\quotelinenumbersep=\dimen138
\bframerule=\dimen139
\bframesep=\dimen140
\bframebox=\box50
LaTeX Info: Redefining \\ on input line 3056.
)
LaTeX Font Info:    Font shape `T1/SourceSansPro-LF/m/n' will be
(Font)              scaled to size 9.0pt on input line 77.
LaTeX Font Info:    Font shape `T1/SourceSansPro-LF/m/n' will be
(Font)              scaled to size 12.0pt on input line 96.
LaTeX Font Info:    Font shape `T1/SourceSansPro-LF/b/n' will be
(Font)              scaled to size 12.0pt on input line 96.
LaTeX Font Info:    Font shape `T1/SourceSansPro-LF/m/n' will be
(Font)              scaled to size 5.0pt on input line 96.
LaTeX Font Info:    Try loading font information for U+msa on input line 96.

(/usr/local/texlive/2013/texmf-dist/tex/latex/amsfonts/umsa.fd
File: umsa.fd 2013/01/14 v3.01 AMS symbols A
)
LaTeX Font Info:    Try loading font information for U+msb on input line 96.

(/usr/local/texlive/2013/texmf-dist/tex/latex/amsfonts/umsb.fd
File: umsb.fd 2013/01/14 v3.01 AMS symbols B
)
LaTeX Font Info:    Font shape `T1/SourceSansPro-LF/m/n' will be
(Font)              scaled to size 7.0pt on input line 96.
LaTeX Font Info:    Font shape `T1/SourceSansPro-LF/m/it' will be
(Font)              scaled to size 9.0pt on input line 96.
LaTeX Font Info:    Font shape `T1/SourceSansPro-LF/m/n' will be
(Font)              scaled to size 6.0pt on input line 96.
LaTeX Font Info:    Font shape `T1/SourceSansPro-LF/m/n' will be
(Font)              scaled to size 8.0pt on input line 96.


Class revtex4-1 Warning: If you want your keywords to appear in your output, us
e document class option showkeys.

LaTeX Font Info:    Font shape `T1/SourceSansPro-LF/b/n' will be
(Font)              scaled to size 9.0pt on input line 101.

Underfull \hbox (badness 1769) in paragraph at lines 104--120
\T1/SourceSansPro-LF/m/n/10 tured into a use-ful tool for the de-scrip-tions of
 dy-nam-
 []

[1{/usr/local/texlive/2013/texmf-var/fonts/map/pdftex/updmap/pdftex.map}]
Underfull \hbox (badness 2582) in paragraph at lines 199--206
\T1/SourceSansPro-LF/m/n/10 with $\OMS/cmsy/m/n/10 kP[]k 2 O []$ \T1/SourceSans
Pro-LF/m/n/10 and con-clu-sively, if $\OML/cmm/m/it/10 ^^\ \OMS/cmsy/m/n/10 ^^]

 []

LaTeX Font Info:    Font shape `T1/SourceSansPro-LF/m/it' will be
(Font)              scaled to size 10.0pt on input line 222.
[2]
Underfull \hbox (badness 3302) in paragraph at lines 361--363
 []\T1/SourceSansPro-LF/m/n/10 Compute the two sym-met-ric cor-re-la-tion ma-tr
i-ces
 []


Underfull \hbox (badness 1205) in paragraph at lines 368--371
 \T1/SourceSansPro-LF/m/n/10 gu-lar vec-tors for both lag-times $\OML/cmm/m/it/
10 B[] \OMS/cmsy/m/n/10 ^^Q \OML/cmm/m/it/10 B\OT1/cmr/m/n/10 (\OML/cmm/m/it/10
 ^^\[]\OT1/cmr/m/n/10 ) =
 []


Underfull \hbox (badness 3838) in paragraph at lines 395--404
\T1/SourceSansPro-LF/m/n/10 where the bins com-prise the ob-serv-able space $\O
T1/cmr/m/n/10 ^^G =
 []


Underfull \hbox (badness 1424) in paragraph at lines 405--410
\T1/SourceSansPro-LF/m/n/10 the time-series and show the pres-ence of the 4 dis
-tinct
 []

[3] <figures/EnergyLandscape.pdf, id=131, 440.13516pt x 324.34113pt>
File: figures/EnergyLandscape.pdf Graphic file (type pdf)

<use figures/EnergyLandscape.pdf>
Package pdftex.def Info: figures/EnergyLandscape.pdf used on input line 419.
(pdftex.def)             Requested size: 246.0pt x 181.28336pt.

<figures/new_SVD.pdf, id=132, 322.58478pt x 196.682pt>
File: figures/new_SVD.pdf Graphic file (type pdf)

<use figures/new_SVD.pdf>
Package pdftex.def Info: figures/new_SVD.pdf used on input line 428.
(pdftex.def)             Requested size: 246.0pt x 149.99005pt.

<"figures/Estimated Timescales".pdf, id=133, 292.17426pt x 209.6665pt>
File: "figures/Estimated Timescales".pdf Graphic file (type pdf)

<use "figures/Estimated Timescales".pdf>
Package pdftex.def Info: "figures/Estimated Timescales".pdf used on input line 
442.
(pdftex.def)             Requested size: 221.3985pt x 158.8779pt.

<"figures/Estimated Eigenvectors".pdf, id=135, 267.91339pt x 403.08894pt>
File: "figures/Estimated Eigenvectors".pdf Graphic file (type pdf)

<use "figures/Estimated Eigenvectors".pdf>
Package pdftex.def Info: "figures/Estimated Eigenvectors".pdf used on input lin
e 463.
(pdftex.def)             Requested size: 221.3985pt x 333.11218pt.
LaTeX Font Info:    Font shape `T1/SourceSansPro-LF/b/it' will be
(Font)              scaled to size 9.0pt on input line 467.

<figures/StatisticsEstimation.pdf, id=138, 502.55644pt x 260.48195pt>
File: figures/StatisticsEstimation.pdf Graphic file (type pdf)

<use figures/StatisticsEstimation.pdf>
Package pdftex.def Info: figures/StatisticsEstimation.pdf used on input line 50
5.
(pdftex.def)             Requested size: 246.0pt x 127.50609pt.

Underfull \hbox (badness 3579) in paragraph at lines 529--531
[]\T1/SourceSansPro-LF/m/n/10 We demon-strate the method on the Apo-Myoglobin.
 []

<figures/ApoEstimatedTimeScales_V2.pdf, id=145, 470.87637pt x 403.8292pt>
File: figures/ApoEstimatedTimeScales_V2.pdf Graphic file (type pdf)

<use figures/ApoEstimatedTimeScales_V2.pdf>
Package pdftex.def Info: figures/ApoEstimatedTimeScales_V2.pdf used on input li
ne 563.
(pdftex.def)             Requested size: 246.0pt x 210.97212pt.
 [4 <./figures/EnergyLandscape.pdf> <./figures/new_SVD.pdf>]

LaTeX Warning: A float is stuck (cannot be placed); try class option [floatfix]
 on input line 608.

LaTeX Font Info:    Font shape `T1/SourceSansPro-LF/m/sc' will be
(Font)              scaled to size 10.0pt on input line 621.
(./manuscript_PrinzEtAl_PMMTheory.bbl
Underfull \hbox (badness 1226) in paragraph at lines 166--170
 []\T1/SourceSansPro-LF/m/n/9 C. Bus-ta-mante and S. B. Smith, United States Pa
tent No.
 []

) [5 <./figures/Estimated Timescales.pdf>] [6 <./figures/Estimated Eigenvectors
.pdf>] [7 <./figures/StatisticsEstimation.pdf> <./figures/ApoEstimatedTimeScale
s_V2.pdf>]
Package atveryend Info: Empty hook `AfterLastShipout' on input line 633.
 (./manuscript_PrinzEtAl_PMMTheory.aux)
Package atveryend Info: Executing hook `AtVeryEndDocument' on input line 633.
Package atveryend Info: Executing hook `AtEndAfterFileList' on input line 633.
Package rerunfilecheck Info: File `manuscript_PrinzEtAl_PMMTheory.out' has not 
changed.
(rerunfilecheck)             Checksum: 31E9271F15F3AEDCEB255C236EBD6DE7;782.
 ) 
Here is how much of TeX's memory you used:
 11968 strings out of 493308
 175355 string characters out of 6137816
 305912 words of memory out of 5000000
 15187 multiletter control sequences out of 15000+600000
 119535 words of font info for 66 fonts, out of 8000000 for 9000
 957 hyphenation exceptions out of 8191
 54i,11n,92p,280b,403s stack positions out of 5000i,500n,10000p,200000b,80000s
{/usr/local/texlive/2013/texmf-dist/fonts/enc/dvips/sourcesanspro/a_5tbsmu.en
c}{/usr/local/texlive/2013/texmf-dist/fonts/enc/dvips/sourcesanspro/a_zd345j.en
c}</usr/local/texlive/2013/texmf-dist/fonts/type1/adobe/sourcesanspro/SourceSan
sPro-Bold.pfb></usr/local/texlive/2013/texmf-dist/fonts/type1/adobe/sourcesansp
ro/SourceSansPro-BoldIt.pfb></usr/local/texlive/2013/texmf-dist/fonts/type1/ado
be/sourcesanspro/SourceSansPro-It.pfb></usr/local/texlive/2013/texmf-dist/fonts
/type1/adobe/sourcesanspro/SourceSansPro-Regular.pfb></usr/local/texlive/2013/t
exmf-dist/fonts/type1/public/amsfonts/cm/cmex10.pfb></usr/local/texlive/2013/te
xmf-dist/fonts/type1/public/amsfonts/cm/cmmi10.pfb></usr/local/texlive/2013/tex
mf-dist/fonts/type1/public/amsfonts/cm/cmmi6.pfb></usr/local/texlive/2013/texmf
-dist/fonts/type1/public/amsfonts/cm/cmmi7.pfb></usr/local/texlive/2013/texmf-d
ist/fonts/type1/public/amsfonts/cm/cmmi8.pfb></usr/local/texlive/2013/texmf-dis
t/fonts/type1/public/amsfonts/cm/cmmi9.pfb></usr/local/texlive/2013/texmf-dist/
fonts/type1/public/amsfonts/cm/cmr10.pfb></usr/local/texlive/2013/texmf-dist/fo
nts/type1/public/amsfonts/cm/cmr5.pfb></usr/local/texlive/2013/texmf-dist/fonts
/type1/public/amsfonts/cm/cmr6.pfb></usr/local/texlive/2013/texmf-dist/fonts/ty
pe1/public/amsfonts/cm/cmr7.pfb></usr/local/texlive/2013/texmf-dist/fonts/type1
/public/amsfonts/cm/cmr8.pfb></usr/local/texlive/2013/texmf-dist/fonts/type1/pu
blic/amsfonts/cm/cmr9.pfb></usr/local/texlive/2013/texmf-dist/fonts/type1/publi
c/amsfonts/cm/cmsy10.pfb></usr/local/texlive/2013/texmf-dist/fonts/type1/public
/amsfonts/cm/cmsy6.pfb></usr/local/texlive/2013/texmf-dist/fonts/type1/public/a
msfonts/cm/cmsy7.pfb></usr/local/texlive/2013/texmf-dist/fonts/type1/public/ams
fonts/cm/cmsy9.pfb></usr/local/texlive/2013/texmf-dist/fonts/type1/public/amsfo
nts/symbols/msam10.pfb></usr/local/texlive/2013/texmf-dist/fonts/type1/public/a
msfonts/symbols/msbm10.pfb>
Output written on manuscript_PrinzEtAl_PMMTheory.pdf (7 pages, 1681685 bytes).
PDF statistics:
 638 PDF objects out of 1000 (max. 8388607)
 508 compressed objects within 6 object streams
 46 named destinations out of 1000 (max. 500000)
 127 words of extra memory for PDF output out of 10000 (max. 10000000)

